02, 15, 2008 (07:44:20): Opening rpy file C:\Program Files\Telelogic\Rhapsody 7.1\Share/Properties\PredefinedTypes.sbs
02, 15, 2008 (07:44:20): 
 Started loading C:\Program Files\Telelogic\Rhapsody 7.1\Share/Properties\PredefinedTypes.sbs on Friday, February 15, 2008 (07:44:20).-

02, 15, 2008 (07:44:20): 

Starting inUnit resolution phase


02, 15, 2008 (07:44:20): 

Finished inUnit resolution phase


02, 15, 2008 (07:44:20): 
 Finished loading C:\Program Files\Telelogic\Rhapsody 7.1\Share/Properties\PredefinedTypes.sbs on Friday, February 15, 2008 (07:44:20).-

02, 15, 2008 (07:44:20): Opening rpy file C:\Program Files\Telelogic\Rhapsody 7.1\Share/Properties\PredefinedTypesC++.sbs
02, 15, 2008 (07:44:20): 
 Started loading C:\Program Files\Telelogic\Rhapsody 7.1\Share/Properties\PredefinedTypesC++.sbs on Friday, February 15, 2008 (07:44:20).-

02, 15, 2008 (07:44:20): 

Starting inUnit resolution phase


02, 15, 2008 (07:44:20): 

Finished inUnit resolution phase


02, 15, 2008 (07:44:20): 
 Finished loading C:\Program Files\Telelogic\Rhapsody 7.1\Share/Properties\PredefinedTypesC++.sbs on Friday, February 15, 2008 (07:44:20).-

02, 15, 2008 (07:44:20): Opening rpy file C:\Documents and Settings\rosskw1\My Documents\AssemblaSVN\HLA_IO\FrameworkIO\FrameworkIO.rpy
02, 15, 2008 (07:44:20): 
 Started loading C:\Documents and Settings\rosskw1\My Documents\AssemblaSVN\HLA_IO\FrameworkIO\FrameworkIO.rpy on Friday, February 15, 2008 (07:44:20).-

02, 15, 2008 (07:44:20): Opening rpy file Framework.sbs
02, 15, 2008 (07:44:20): 
 Started loading Framework.sbs on Friday, February 15, 2008 (07:44:20).-

02, 15, 2008 (07:44:20): 
 Finished loading Framework.sbs on Friday, February 15, 2008 (07:44:20).-

02, 15, 2008 (07:44:20): Opening rpy file C:\Documents and Settings\rosskw1\My Documents\AssemblaSVN\HLA_IO\FrameworkIO\FrameworkIO_rpy\Framework.sbs
02, 15, 2008 (07:44:20): 
 Started loading C:\Documents and Settings\rosskw1\My Documents\AssemblaSVN\HLA_IO\FrameworkIO\FrameworkIO_rpy\Framework.sbs on Friday, February 15, 2008 (07:44:20).-

02, 15, 2008 (07:44:20): Opening rpy file IO.sbs
02, 15, 2008 (07:44:20): 
 Started loading IO.sbs on Friday, February 15, 2008 (07:44:20).-

02, 15, 2008 (07:44:20): 
 Finished loading IO.sbs on Friday, February 15, 2008 (07:44:20).-

02, 15, 2008 (07:44:20): Opening rpy file C:\Documents and Settings\rosskw1\My Documents\AssemblaSVN\HLA_IO\FrameworkIO\FrameworkIO_rpy\IO.sbs
02, 15, 2008 (07:44:20): 
 Started loading C:\Documents and Settings\rosskw1\My Documents\AssemblaSVN\HLA_IO\FrameworkIO\FrameworkIO_rpy\IO.sbs on Friday, February 15, 2008 (07:44:20).-

02, 15, 2008 (07:44:20): Opening rpy file IOClassDiagram.omd
02, 15, 2008 (07:44:20): 
 Started loading IOClassDiagram.omd on Friday, February 15, 2008 (07:44:20).-

02, 15, 2008 (07:44:20): 
 Finished loading IOClassDiagram.omd on Friday, February 15, 2008 (07:44:20).-

02, 15, 2008 (07:44:20): Opening rpy file C:\Documents and Settings\rosskw1\My Documents\AssemblaSVN\HLA_IO\FrameworkIO\FrameworkIO_rpy\IOClassDiagram.omd
02, 15, 2008 (07:44:20): 
 Started loading C:\Documents and Settings\rosskw1\My Documents\AssemblaSVN\HLA_IO\FrameworkIO\FrameworkIO_rpy\IOClassDiagram.omd on Friday, February 15, 2008 (07:44:20).-

02, 15, 2008 (07:44:20): 

Starting inUnit resolution phase


02, 15, 2008 (07:44:20): 

Finished inUnit resolution phase


02, 15, 2008 (07:44:20): 
 Finished loading C:\Documents and Settings\rosskw1\My Documents\AssemblaSVN\HLA_IO\FrameworkIO\FrameworkIO_rpy\IOClassDiagram.omd on Friday, February 15, 2008 (07:44:20).-

02, 15, 2008 (07:44:20): Opening rpy file Use_Case_42.2.msc
02, 15, 2008 (07:44:20): 
 Started loading Use_Case_42.2.msc on Friday, February 15, 2008 (07:44:20).-

02, 15, 2008 (07:44:20): 
 Finished loading Use_Case_42.2.msc on Friday, February 15, 2008 (07:44:20).-

02, 15, 2008 (07:44:20): Opening rpy file C:\Documents and Settings\rosskw1\My Documents\AssemblaSVN\HLA_IO\FrameworkIO\FrameworkIO_rpy\Use_Case_42.2.msc
02, 15, 2008 (07:44:20): 
 Started loading C:\Documents and Settings\rosskw1\My Documents\AssemblaSVN\HLA_IO\FrameworkIO\FrameworkIO_rpy\Use_Case_42.2.msc on Friday, February 15, 2008 (07:44:20).-

02, 15, 2008 (07:44:20): 

Starting inUnit resolution phase


02, 15, 2008 (07:44:20): 

Finished inUnit resolution phase


02, 15, 2008 (07:44:20): 
 Finished loading C:\Documents and Settings\rosskw1\My Documents\AssemblaSVN\HLA_IO\FrameworkIO\FrameworkIO_rpy\Use_Case_42.2.msc on Friday, February 15, 2008 (07:44:20).-

02, 15, 2008 (07:44:20): 

Starting inUnit resolution phase


02, 15, 2008 (07:44:20): 

Finished inUnit resolution phase


02, 15, 2008 (07:44:20): 
 Finished loading C:\Documents and Settings\rosskw1\My Documents\AssemblaSVN\HLA_IO\FrameworkIO\FrameworkIO_rpy\IO.sbs on Friday, February 15, 2008 (07:44:20).-

02, 15, 2008 (07:44:20): Opening rpy file Time.sbs
02, 15, 2008 (07:44:20): 
 Started loading Time.sbs on Friday, February 15, 2008 (07:44:20).-

02, 15, 2008 (07:44:20): 
 Finished loading Time.sbs on Friday, February 15, 2008 (07:44:20).-

02, 15, 2008 (07:44:20): Opening rpy file C:\Documents and Settings\rosskw1\My Documents\AssemblaSVN\HLA_IO\FrameworkIO\FrameworkIO_rpy\Time.sbs
02, 15, 2008 (07:44:20): 
 Started loading C:\Documents and Settings\rosskw1\My Documents\AssemblaSVN\HLA_IO\FrameworkIO\FrameworkIO_rpy\Time.sbs on Friday, February 15, 2008 (07:44:20).-

02, 15, 2008 (07:44:21): 

Starting inUnit resolution phase


02, 15, 2008 (07:44:21): 

Finished inUnit resolution phase


02, 15, 2008 (07:44:21): 
 Finished loading C:\Documents and Settings\rosskw1\My Documents\AssemblaSVN\HLA_IO\FrameworkIO\FrameworkIO_rpy\Time.sbs on Friday, February 15, 2008 (07:44:21).-

02, 15, 2008 (07:44:21): Opening rpy file Control.sbs
02, 15, 2008 (07:44:21): 
 Started loading Control.sbs on Friday, February 15, 2008 (07:44:21).-

02, 15, 2008 (07:44:21): 
 Finished loading Control.sbs on Friday, February 15, 2008 (07:44:21).-

02, 15, 2008 (07:44:21): Opening rpy file C:\Documents and Settings\rosskw1\My Documents\AssemblaSVN\HLA_IO\FrameworkIO\FrameworkIO_rpy\Control.sbs
02, 15, 2008 (07:44:21): 
 Started loading C:\Documents and Settings\rosskw1\My Documents\AssemblaSVN\HLA_IO\FrameworkIO\FrameworkIO_rpy\Control.sbs on Friday, February 15, 2008 (07:44:21).-

02, 15, 2008 (07:44:21): 

Starting inUnit resolution phase


02, 15, 2008 (07:44:21): 

Finished inUnit resolution phase


02, 15, 2008 (07:44:21): 
 Finished loading C:\Documents and Settings\rosskw1\My Documents\AssemblaSVN\HLA_IO\FrameworkIO\FrameworkIO_rpy\Control.sbs on Friday, February 15, 2008 (07:44:21).-

02, 15, 2008 (07:44:21): Opening rpy file Federate.sbs
02, 15, 2008 (07:44:21): 
 Started loading Federate.sbs on Friday, February 15, 2008 (07:44:21).-

02, 15, 2008 (07:44:21): 
 Finished loading Federate.sbs on Friday, February 15, 2008 (07:44:21).-

02, 15, 2008 (07:44:21): Opening rpy file C:\Documents and Settings\rosskw1\My Documents\AssemblaSVN\HLA_IO\FrameworkIO\FrameworkIO_rpy\Federate.sbs
02, 15, 2008 (07:44:21): 
 Started loading C:\Documents and Settings\rosskw1\My Documents\AssemblaSVN\HLA_IO\FrameworkIO\FrameworkIO_rpy\Federate.sbs on Friday, February 15, 2008 (07:44:21).-

02, 15, 2008 (07:44:21): 

Starting inUnit resolution phase


02, 15, 2008 (07:44:21): 

Finished inUnit resolution phase


02, 15, 2008 (07:44:21): 
 Finished loading C:\Documents and Settings\rosskw1\My Documents\AssemblaSVN\HLA_IO\FrameworkIO\FrameworkIO_rpy\Federate.sbs on Friday, February 15, 2008 (07:44:21).-

02, 15, 2008 (07:44:21): 

Starting inUnit resolution phase


02, 15, 2008 (07:44:21): 

Finished inUnit resolution phase


02, 15, 2008 (07:44:21): 
 Finished loading C:\Documents and Settings\rosskw1\My Documents\AssemblaSVN\HLA_IO\FrameworkIO\FrameworkIO_rpy\Framework.sbs on Friday, February 15, 2008 (07:44:21).-

02, 15, 2008 (07:44:21): Opening rpy file DefaultComponent.cmp
02, 15, 2008 (07:44:21): 
 Started loading DefaultComponent.cmp on Friday, February 15, 2008 (07:44:21).-

02, 15, 2008 (07:44:21): 
 Finished loading DefaultComponent.cmp on Friday, February 15, 2008 (07:44:21).-

02, 15, 2008 (07:44:21): Opening rpy file C:\Documents and Settings\rosskw1\My Documents\AssemblaSVN\HLA_IO\FrameworkIO\FrameworkIO_rpy\DefaultComponent.cmp
02, 15, 2008 (07:44:21): 
 Started loading C:\Documents and Settings\rosskw1\My Documents\AssemblaSVN\HLA_IO\FrameworkIO\FrameworkIO_rpy\DefaultComponent.cmp on Friday, February 15, 2008 (07:44:21).-

02, 15, 2008 (07:44:21): 

Starting inUnit resolution phase


02, 15, 2008 (07:44:21): 

Finished inUnit resolution phase


02, 15, 2008 (07:44:21): 
 Finished loading C:\Documents and Settings\rosskw1\My Documents\AssemblaSVN\HLA_IO\FrameworkIO\FrameworkIO_rpy\DefaultComponent.cmp on Friday, February 15, 2008 (07:44:21).-

02, 15, 2008 (07:44:21): 

Starting inUnit resolution phase


02, 15, 2008 (07:44:21): 

Finished inUnit resolution phase


02, 15, 2008 (07:44:21): 

Starting inUnit resolution phase


02, 15, 2008 (07:44:21): 

Finished inUnit resolution phase


02, 15, 2008 (07:44:21): 

Starting inUnit resolution phase


02, 15, 2008 (07:44:21): 

Finished inUnit resolution phase


02, 15, 2008 (07:44:21): 
 Finished loading C:\Documents and Settings\rosskw1\My Documents\AssemblaSVN\HLA_IO\FrameworkIO\FrameworkIO.rpy on Friday, February 15, 2008 (07:44:21).-

02, 15, 2008 (07:44:21): Opening rpy file C:\Documents and Settings\rosskw1\My Documents\AssemblaSVN\HLA_IO\FrameworkIO\DefaultComponent\DefaultConfig\DefaultConfig.cg_info
02, 15, 2008 (07:44:21): 
 Started loading C:\Documents and Settings\rosskw1\My Documents\AssemblaSVN\HLA_IO\FrameworkIO\DefaultComponent\DefaultConfig\DefaultConfig.cg_info on Friday, February 15, 2008 (07:44:21).-

02, 15, 2008 (07:44:21): 
 Finished loading C:\Documents and Settings\rosskw1\My Documents\AssemblaSVN\HLA_IO\FrameworkIO\DefaultComponent\DefaultConfig\DefaultConfig.cg_info on Friday, February 15, 2008 (07:44:21).-

02, 15, 2008 (07:44:21): Starting checks of EventsBaseID conflicts
02, 15, 2008 (07:44:21): Finished checks of EventsBaseID conflicts
02, 15, 2008 (07:44:21): End Log
