07, 15, 2008 (10:17:38): Opening rpy file C:\Program Files\Telelogic\Rhapsody 7.1\Share/Properties\PredefinedTypes.sbs
07, 15, 2008 (10:17:38): 
 Started loading C:\Program Files\Telelogic\Rhapsody 7.1\Share/Properties\PredefinedTypes.sbs on Tuesday, July 15, 2008 (10:17:38).-

07, 15, 2008 (10:17:38): 

Starting inUnit resolution phase


07, 15, 2008 (10:17:38): 

Finished inUnit resolution phase


07, 15, 2008 (10:17:38): 
 Finished loading C:\Program Files\Telelogic\Rhapsody 7.1\Share/Properties\PredefinedTypes.sbs on Tuesday, July 15, 2008 (10:17:38).-

07, 15, 2008 (10:17:38): Opening rpy file C:\Program Files\Telelogic\Rhapsody 7.1\Share/Properties\PredefinedTypesC++.sbs
07, 15, 2008 (10:17:38): 
 Started loading C:\Program Files\Telelogic\Rhapsody 7.1\Share/Properties\PredefinedTypesC++.sbs on Tuesday, July 15, 2008 (10:17:38).-

07, 15, 2008 (10:17:39): 

Starting inUnit resolution phase


07, 15, 2008 (10:17:39): 

Finished inUnit resolution phase


07, 15, 2008 (10:17:39): 
 Finished loading C:\Program Files\Telelogic\Rhapsody 7.1\Share/Properties\PredefinedTypesC++.sbs on Tuesday, July 15, 2008 (10:17:39).-

07, 15, 2008 (10:17:39): Opening rpy file C:\DOCUMENTS AND SETTINGS\ROSSKW1\MY DOCUMENTS\SVN-GOOGLE\INTERPROCESSPUBSUB\InterprocessPubSub\InterprocessPubSub.rpy
07, 15, 2008 (10:17:39): 
 Started loading C:\DOCUMENTS AND SETTINGS\ROSSKW1\MY DOCUMENTS\SVN-GOOGLE\INTERPROCESSPUBSUB\InterprocessPubSub\InterprocessPubSub.rpy on Tuesday, July 15, 2008 (10:17:39).-

07, 15, 2008 (10:17:39): Opening rpy file Default.sbs
07, 15, 2008 (10:17:39): 
 Started loading Default.sbs on Tuesday, July 15, 2008 (10:17:39).-

07, 15, 2008 (10:17:39): 
 Finished loading Default.sbs on Tuesday, July 15, 2008 (10:17:39).-

07, 15, 2008 (10:17:39): Opening rpy file C:\DOCUMENTS AND SETTINGS\ROSSKW1\MY DOCUMENTS\SVN-GOOGLE\INTERPROCESSPUBSUB\InterprocessPubSub\InterprocessPubSub_rpy\Default.sbs
07, 15, 2008 (10:17:39): 
 Started loading C:\DOCUMENTS AND SETTINGS\ROSSKW1\MY DOCUMENTS\SVN-GOOGLE\INTERPROCESSPUBSUB\InterprocessPubSub\InterprocessPubSub_rpy\Default.sbs on Tuesday, July 15, 2008 (10:17:39).-

07, 15, 2008 (10:17:39): 

Starting inUnit resolution phase


07, 15, 2008 (10:17:39): 

Finished inUnit resolution phase


07, 15, 2008 (10:17:39): 
 Finished loading C:\DOCUMENTS AND SETTINGS\ROSSKW1\MY DOCUMENTS\SVN-GOOGLE\INTERPROCESSPUBSUB\InterprocessPubSub\InterprocessPubSub_rpy\Default.sbs on Tuesday, July 15, 2008 (10:17:39).-

07, 15, 2008 (10:17:39): Opening rpy file InterprocessPubSub.sbs
07, 15, 2008 (10:17:39): 
 Started loading InterprocessPubSub.sbs on Tuesday, July 15, 2008 (10:17:39).-

07, 15, 2008 (10:17:39): 
 Finished loading InterprocessPubSub.sbs on Tuesday, July 15, 2008 (10:17:39).-

07, 15, 2008 (10:17:39): Opening rpy file C:\DOCUMENTS AND SETTINGS\ROSSKW1\MY DOCUMENTS\SVN-GOOGLE\INTERPROCESSPUBSUB\InterprocessPubSub\InterprocessPubSub_rpy\InterprocessPubSub.sbs
07, 15, 2008 (10:17:39): 
 Started loading C:\DOCUMENTS AND SETTINGS\ROSSKW1\MY DOCUMENTS\SVN-GOOGLE\INTERPROCESSPUBSUB\InterprocessPubSub\InterprocessPubSub_rpy\InterprocessPubSub.sbs on Tuesday, July 15, 2008 (10:17:39).-

07, 15, 2008 (10:17:39): 

Starting inUnit resolution phase


07, 15, 2008 (10:17:39): 

Finished inUnit resolution phase


07, 15, 2008 (10:17:39): 
 Finished loading C:\DOCUMENTS AND SETTINGS\ROSSKW1\MY DOCUMENTS\SVN-GOOGLE\INTERPROCESSPUBSUB\InterprocessPubSub\InterprocessPubSub_rpy\InterprocessPubSub.sbs on Tuesday, July 15, 2008 (10:17:39).-

07, 15, 2008 (10:17:39): Opening rpy file Model1.omd
07, 15, 2008 (10:17:39): 
 Started loading Model1.omd on Tuesday, July 15, 2008 (10:17:39).-

07, 15, 2008 (10:17:39): 
 Finished loading Model1.omd on Tuesday, July 15, 2008 (10:17:39).-

07, 15, 2008 (10:17:39): Opening rpy file C:\DOCUMENTS AND SETTINGS\ROSSKW1\MY DOCUMENTS\SVN-GOOGLE\INTERPROCESSPUBSUB\InterprocessPubSub\InterprocessPubSub_rpy\Model1.omd
07, 15, 2008 (10:17:39): 
 Started loading C:\DOCUMENTS AND SETTINGS\ROSSKW1\MY DOCUMENTS\SVN-GOOGLE\INTERPROCESSPUBSUB\InterprocessPubSub\InterprocessPubSub_rpy\Model1.omd on Tuesday, July 15, 2008 (10:17:39).-

07, 15, 2008 (10:17:39): 

Starting inUnit resolution phase


07, 15, 2008 (10:17:39): 

Finished inUnit resolution phase


07, 15, 2008 (10:17:39): 
 Finished loading C:\DOCUMENTS AND SETTINGS\ROSSKW1\MY DOCUMENTS\SVN-GOOGLE\INTERPROCESSPUBSUB\InterprocessPubSub\InterprocessPubSub_rpy\Model1.omd on Tuesday, July 15, 2008 (10:17:39).-

07, 15, 2008 (10:17:39): Opening rpy file DefaultComponent.cmp
07, 15, 2008 (10:17:39): 
 Started loading DefaultComponent.cmp on Tuesday, July 15, 2008 (10:17:39).-

07, 15, 2008 (10:17:39): 
 Finished loading DefaultComponent.cmp on Tuesday, July 15, 2008 (10:17:39).-

07, 15, 2008 (10:17:39): Opening rpy file C:\DOCUMENTS AND SETTINGS\ROSSKW1\MY DOCUMENTS\SVN-GOOGLE\INTERPROCESSPUBSUB\InterprocessPubSub\InterprocessPubSub_rpy\DefaultComponent.cmp
07, 15, 2008 (10:17:39): 
 Started loading C:\DOCUMENTS AND SETTINGS\ROSSKW1\MY DOCUMENTS\SVN-GOOGLE\INTERPROCESSPUBSUB\InterprocessPubSub\InterprocessPubSub_rpy\DefaultComponent.cmp on Tuesday, July 15, 2008 (10:17:39).-

07, 15, 2008 (10:17:39): 

Starting inUnit resolution phase


07, 15, 2008 (10:17:39): 

Finished inUnit resolution phase


07, 15, 2008 (10:17:39): 
 Finished loading C:\DOCUMENTS AND SETTINGS\ROSSKW1\MY DOCUMENTS\SVN-GOOGLE\INTERPROCESSPUBSUB\InterprocessPubSub\InterprocessPubSub_rpy\DefaultComponent.cmp on Tuesday, July 15, 2008 (10:17:39).-

07, 15, 2008 (10:17:39): 

Starting inUnit resolution phase


07, 15, 2008 (10:17:39): 

Finished inUnit resolution phase


07, 15, 2008 (10:17:39): 

Starting inUnit resolution phase


07, 15, 2008 (10:17:39): 

Finished inUnit resolution phase


07, 15, 2008 (10:17:39): 

Starting inUnit resolution phase


07, 15, 2008 (10:17:39): 

Finished inUnit resolution phase


07, 15, 2008 (10:17:39): 
 Finished loading C:\DOCUMENTS AND SETTINGS\ROSSKW1\MY DOCUMENTS\SVN-GOOGLE\INTERPROCESSPUBSUB\InterprocessPubSub\InterprocessPubSub.rpy on Tuesday, July 15, 2008 (10:17:39).-

07, 15, 2008 (10:17:39): Opening rpy file C:\DOCUMENTS AND SETTINGS\ROSSKW1\MY DOCUMENTS\SVN-GOOGLE\INTERPROCESSPUBSUB\InterprocessPubSub\DefaultComponent\DefaultConfig\DefaultConfig.cg_info
07, 15, 2008 (10:17:39): 
 Started loading C:\DOCUMENTS AND SETTINGS\ROSSKW1\MY DOCUMENTS\SVN-GOOGLE\INTERPROCESSPUBSUB\InterprocessPubSub\DefaultComponent\DefaultConfig\DefaultConfig.cg_info on Tuesday, July 15, 2008 (10:17:39).-

07, 15, 2008 (10:17:39): 
 Finished loading C:\DOCUMENTS AND SETTINGS\ROSSKW1\MY DOCUMENTS\SVN-GOOGLE\INTERPROCESSPUBSUB\InterprocessPubSub\DefaultComponent\DefaultConfig\DefaultConfig.cg_info on Tuesday, July 15, 2008 (10:17:39).-

07, 15, 2008 (10:17:39): Starting checks of EventsBaseID conflicts
07, 15, 2008 (10:17:39): Finished checks of EventsBaseID conflicts
07, 15, 2008 (10:17:39): End Log
