07, 16, 2008 (12:15:15): Starting Pre-Save actions

07, 16, 2008 (12:15:15): Starting Dialogs Check/Save
07, 16, 2008 (12:15:15): Finished Dialogs Check/Save
07, 16, 2008 (12:15:15): Starting Controlled Files Resolution
07, 16, 2008 (12:15:15): Finished Controlled Files Resolution
07, 16, 2008 (12:15:15): Starting Save VBA
07, 16, 2008 (12:15:15): Finished Save VBA
07, 16, 2008 (12:15:15): Finished Pre-Save actions

07, 16, 2008 (12:15:15): Creating C:\DOCUMENTS AND SETTINGS\ROSSKW1\MY DOCUMENTS\SVN-GOOGLE\INTERPROCESSPUBSUB\InterprocessPubSub\InterprocessPubSub.rpy
07, 16, 2008 (12:15:15): 
Started writing C:\DOCUMENTS AND SETTINGS\ROSSKW1\MY DOCUMENTS\SVN-GOOGLE\INTERPROCESSPUBSUB\InterprocessPubSub\InterprocessPubSub.rpy on Wednesday, July 16, 2008 (12:15:15)

07, 16, 2008 (12:15:16): 
Started writing C:\DOCUMENTS AND SETTINGS\ROSSKW1\MY DOCUMENTS\SVN-GOOGLE\INTERPROCESSPUBSUB\InterprocessPubSub\InterprocessPubSub_rpy\filesTable.dat on Wednesday, July 16, 2008 (12:15:16)

07, 16, 2008 (12:15:16): Finished writing C:\DOCUMENTS AND SETTINGS\ROSSKW1\MY DOCUMENTS\SVN-GOOGLE\INTERPROCESSPUBSUB\InterprocessPubSub\InterprocessPubSub_rpy\filesTable.dat on Wednesday, July 16, 2008 (12:15:16)

07, 16, 2008 (12:15:16): Creating C:\DOCUMENTS AND SETTINGS\ROSSKW1\MY DOCUMENTS\SVN-GOOGLE\INTERPROCESSPUBSUB\InterprocessPubSub\InterprocessPubSub_rpy\InterprocessPubSub.sbs
07, 16, 2008 (12:15:16): 
Started writing C:\DOCUMENTS AND SETTINGS\ROSSKW1\MY DOCUMENTS\SVN-GOOGLE\INTERPROCESSPUBSUB\InterprocessPubSub\InterprocessPubSub_rpy\InterprocessPubSub.sbs on Wednesday, July 16, 2008 (12:15:16)

07, 16, 2008 (12:15:16): Finished writing C:\DOCUMENTS AND SETTINGS\ROSSKW1\MY DOCUMENTS\SVN-GOOGLE\INTERPROCESSPUBSUB\InterprocessPubSub\InterprocessPubSub_rpy\InterprocessPubSub.sbs on Wednesday, July 16, 2008 (12:15:16)

07, 16, 2008 (12:15:16): Creating C:\DOCUMENTS AND SETTINGS\ROSSKW1\MY DOCUMENTS\SVN-GOOGLE\INTERPROCESSPUBSUB\InterprocessPubSub\InterprocessPubSub_rpy\Model1.omd
07, 16, 2008 (12:15:16): 
Started writing C:\DOCUMENTS AND SETTINGS\ROSSKW1\MY DOCUMENTS\SVN-GOOGLE\INTERPROCESSPUBSUB\InterprocessPubSub\InterprocessPubSub_rpy\Model1.omd on Wednesday, July 16, 2008 (12:15:16)

07, 16, 2008 (12:15:16): Finished writing C:\DOCUMENTS AND SETTINGS\ROSSKW1\MY DOCUMENTS\SVN-GOOGLE\INTERPROCESSPUBSUB\InterprocessPubSub\InterprocessPubSub_rpy\Model1.omd on Wednesday, July 16, 2008 (12:15:16)

07, 16, 2008 (12:15:17): Creating C:\DOCUMENTS AND SETTINGS\ROSSKW1\MY DOCUMENTS\SVN-GOOGLE\INTERPROCESSPUBSUB\InterprocessPubSub\InterprocessPubSub_rpy\DefaultComponent.cmp
07, 16, 2008 (12:15:17): 
Started writing C:\DOCUMENTS AND SETTINGS\ROSSKW1\MY DOCUMENTS\SVN-GOOGLE\INTERPROCESSPUBSUB\InterprocessPubSub\InterprocessPubSub_rpy\DefaultComponent.cmp on Wednesday, July 16, 2008 (12:15:17)

07, 16, 2008 (12:15:18): Finished writing C:\DOCUMENTS AND SETTINGS\ROSSKW1\MY DOCUMENTS\SVN-GOOGLE\INTERPROCESSPUBSUB\InterprocessPubSub\InterprocessPubSub_rpy\DefaultComponent.cmp on Wednesday, July 16, 2008 (12:15:18)

07, 16, 2008 (12:15:19): Finished writing C:\DOCUMENTS AND SETTINGS\ROSSKW1\MY DOCUMENTS\SVN-GOOGLE\INTERPROCESSPUBSUB\InterprocessPubSub\InterprocessPubSub.rpy on Wednesday, July 16, 2008 (12:15:19)

07, 16, 2008 (12:15:19): End Log
