
Reverse Engineering 'C:\Documents and Settings\rosskw1\My Documents\ComponentizedCombatSystemFramework\framework\utils\Thread.cpp'
File: C:\Documents and Settings\rosskw1\My Documents\ComponentizedCombatSystemFramework\framework\utils\Thread.cpp, Line: 13 #include framework/utils/Thread.h ignored--file not found.
File: C:\Documents and Settings\rosskw1\My Documents\ComponentizedCombatSystemFramework\framework\utils\Thread.cpp, Line: 15 #include boost/bind.hpp ignored--file not found.
File: C:\Documents and Settings\rosskw1\My Documents\ComponentizedCombatSystemFramework\framework\utils\Thread.cpp, Line: 16 #include boost/function.hpp ignored--file not found.
File: C:\Documents and Settings\rosskw1\My Documents\ComponentizedCombatSystemFramework\framework\utils\Thread.cpp, Line: 17 #include boost/thread.hpp ignored--file not found.
File: C:\Documents and Settings\rosskw1\My Documents\ComponentizedCombatSystemFramework\framework\utils\Thread.cpp, Line: 19 #include framework/utils/Exception.h ignored--file not found.
File: C:\Documents and Settings\rosskw1\My Documents\ComponentizedCombatSystemFramework\framework\utils\Thread.cpp, Line: 22 #include iostream ignored--file not found.
Adding package 'ReverseEngineering' to project 'IO_Project'. ok.
Adding package 'framework' to package 'ReverseEngineering'. ok.
Adding package 'utils' to package 'framework'. ok.

Parsing Summary:
"C:\Documents and Settings\rosskw1\My Documents\ComponentizedCombatSystemFramework\framework\utils\Thread.cpp":LINE 27 *** >>Thread::Thread<< declared at "C:\Documents and Settings\rosskw1\My Documents\ComponentizedCombatSystemFramework\framework\utils\Thread.cpp":LINE 27, does not denote a member function
"C:\Documents and Settings\rosskw1\My Documents\ComponentizedCombatSystemFramework\framework\utils\Thread.cpp":LINE 28 *** Member and base-class initializers are only allowed for constructor functions of a class.
"C:\Documents and Settings\rosskw1\My Documents\ComponentizedCombatSystemFramework\framework\utils\Thread.cpp":LINE 31 *** in destructor Thread::~Thread, this class does not have any destructor declared
"C:\Documents and Settings\rosskw1\My Documents\ComponentizedCombatSystemFramework\framework\utils\Thread.cpp":LINE 31 *** in destructor Thread::~Thread, this class does not have any destructor declared
"C:\Documents and Settings\rosskw1\My Documents\ComponentizedCombatSystemFramework\framework\utils\Thread.cpp":LINE 31 *** No destructor was declared for this class >>Thread::~Thread<<
"C:\Documents and Settings\rosskw1\My Documents\ComponentizedCombatSystemFramework\framework\utils\Thread.cpp":LINE 38 *** start is not a member of prefixing class Thread
"C:\Documents and Settings\rosskw1\My Documents\ComponentizedCombatSystemFramework\framework\utils\Thread.cpp":LINE 38 *** start is not a member of prefixing class Thread
"C:\Documents and Settings\rosskw1\My Documents\ComponentizedCombatSystemFramework\framework\utils\Thread.cpp":LINE 59 *** stop is not a member of prefixing class Thread
"C:\Documents and Settings\rosskw1\My Documents\ComponentizedCombatSystemFramework\framework\utils\Thread.cpp":LINE 59 *** stop is not a member of prefixing class Thread
"C:\Documents and Settings\rosskw1\My Documents\ComponentizedCombatSystemFramework\framework\utils\Thread.cpp":LINE 70 *** join is not a member of prefixing class Thread
"C:\Documents and Settings\rosskw1\My Documents\ComponentizedCombatSystemFramework\framework\utils\Thread.cpp":LINE 70 *** join is not a member of prefixing class Thread
"C:\Documents and Settings\rosskw1\My Documents\ComponentizedCombatSystemFramework\framework\utils\Thread.cpp":LINE 80 *** threadOper is not a member of prefixing class Thread
"C:\Documents and Settings\rosskw1\My Documents\ComponentizedCombatSystemFramework\framework\utils\Thread.cpp":LINE 80 *** threadOper is not a member of prefixing class Thread
"C:\Documents and Settings\rosskw1\My Documents\ComponentizedCombatSystemFramework\framework\utils\Thread.cpp":LINE 88 *** yield is not a member of prefixing class Thread
"C:\Documents and Settings\rosskw1\My Documents\ComponentizedCombatSystemFramework\framework\utils\Thread.cpp":LINE 88 *** yield is not a member of prefixing class Thread

Reverse Engineering Done. See detailed report in the log file.

