04, 09, 2008 (12:17:41): Opening rpy file C:\Program Files\Telelogic\Rhapsody 7.1\Share/Properties\PredefinedTypes.sbs
04, 09, 2008 (12:17:41): 
 Started loading C:\Program Files\Telelogic\Rhapsody 7.1\Share/Properties\PredefinedTypes.sbs on Wednesday, April 09, 2008 (12:17:41).-

04, 09, 2008 (12:17:41): 

Starting inUnit resolution phase


04, 09, 2008 (12:17:41): 

Finished inUnit resolution phase


04, 09, 2008 (12:17:41): 
 Finished loading C:\Program Files\Telelogic\Rhapsody 7.1\Share/Properties\PredefinedTypes.sbs on Wednesday, April 09, 2008 (12:17:41).-

04, 09, 2008 (12:17:41): Opening rpy file C:\Program Files\Telelogic\Rhapsody 7.1\Share/Properties\PredefinedTypesC++.sbs
04, 09, 2008 (12:17:41): 
 Started loading C:\Program Files\Telelogic\Rhapsody 7.1\Share/Properties\PredefinedTypesC++.sbs on Wednesday, April 09, 2008 (12:17:41).-

04, 09, 2008 (12:17:41): 

Starting inUnit resolution phase


04, 09, 2008 (12:17:41): 

Finished inUnit resolution phase


04, 09, 2008 (12:17:41): 
 Finished loading C:\Program Files\Telelogic\Rhapsody 7.1\Share/Properties\PredefinedTypesC++.sbs on Wednesday, April 09, 2008 (12:17:41).-

04, 09, 2008 (12:17:41): Opening rpy file C:\Documents and Settings\rosskw1\My Documents\SVN-Google\IO_Project\IO_Project.rpy
04, 09, 2008 (12:17:41): 
 Started loading C:\Documents and Settings\rosskw1\My Documents\SVN-Google\IO_Project\IO_Project.rpy on Wednesday, April 09, 2008 (12:17:41).-

04, 09, 2008 (12:17:41): Opening rpy file Framework.sbs
04, 09, 2008 (12:17:41): 
 Started loading Framework.sbs on Wednesday, April 09, 2008 (12:17:41).-

04, 09, 2008 (12:17:41): 
 Finished loading Framework.sbs on Wednesday, April 09, 2008 (12:17:41).-

04, 09, 2008 (12:17:41): Opening rpy file C:\Documents and Settings\rosskw1\My Documents\SVN-Google\IO_Project\IO_Project_rpy\Framework.sbs
04, 09, 2008 (12:17:41): 
 Started loading C:\Documents and Settings\rosskw1\My Documents\SVN-Google\IO_Project\IO_Project_rpy\Framework.sbs on Wednesday, April 09, 2008 (12:17:41).-

04, 09, 2008 (12:17:41): Opening rpy file IO.sbs
04, 09, 2008 (12:17:41): 
 Started loading IO.sbs on Wednesday, April 09, 2008 (12:17:41).-

04, 09, 2008 (12:17:41): 
 Finished loading IO.sbs on Wednesday, April 09, 2008 (12:17:41).-

04, 09, 2008 (12:17:41): Opening rpy file C:\Documents and Settings\rosskw1\My Documents\SVN-Google\IO_Project\IO_Project_rpy\IO.sbs
04, 09, 2008 (12:17:41): 
 Started loading C:\Documents and Settings\rosskw1\My Documents\SVN-Google\IO_Project\IO_Project_rpy\IO.sbs on Wednesday, April 09, 2008 (12:17:41).-

04, 09, 2008 (12:17:41): Opening rpy file IOClassDiagram.omd
04, 09, 2008 (12:17:41): 
 Started loading IOClassDiagram.omd on Wednesday, April 09, 2008 (12:17:41).-

04, 09, 2008 (12:17:41): 
 Finished loading IOClassDiagram.omd on Wednesday, April 09, 2008 (12:17:41).-

04, 09, 2008 (12:17:41): Opening rpy file C:\Documents and Settings\rosskw1\My Documents\SVN-Google\IO_Project\IO_Project_rpy\IOClassDiagram.omd
04, 09, 2008 (12:17:41): 
 Started loading C:\Documents and Settings\rosskw1\My Documents\SVN-Google\IO_Project\IO_Project_rpy\IOClassDiagram.omd on Wednesday, April 09, 2008 (12:17:41).-

04, 09, 2008 (12:17:41): 

Starting inUnit resolution phase


04, 09, 2008 (12:17:41): 

Finished inUnit resolution phase


04, 09, 2008 (12:17:41): 
 Finished loading C:\Documents and Settings\rosskw1\My Documents\SVN-Google\IO_Project\IO_Project_rpy\IOClassDiagram.omd on Wednesday, April 09, 2008 (12:17:41).-

04, 09, 2008 (12:17:41): Opening rpy file Use_Case_42.2.msc
04, 09, 2008 (12:17:41): 
 Started loading Use_Case_42.2.msc on Wednesday, April 09, 2008 (12:17:41).-

04, 09, 2008 (12:17:41): 
 Finished loading Use_Case_42.2.msc on Wednesday, April 09, 2008 (12:17:41).-

04, 09, 2008 (12:17:41): Opening rpy file C:\Documents and Settings\rosskw1\My Documents\SVN-Google\IO_Project\IO_Project_rpy\Use_Case_42.2.msc
04, 09, 2008 (12:17:41): 
 Started loading C:\Documents and Settings\rosskw1\My Documents\SVN-Google\IO_Project\IO_Project_rpy\Use_Case_42.2.msc on Wednesday, April 09, 2008 (12:17:41).-

04, 09, 2008 (12:17:41): 

Starting inUnit resolution phase


04, 09, 2008 (12:17:41): 

Finished inUnit resolution phase


04, 09, 2008 (12:17:41): 
 Finished loading C:\Documents and Settings\rosskw1\My Documents\SVN-Google\IO_Project\IO_Project_rpy\Use_Case_42.2.msc on Wednesday, April 09, 2008 (12:17:41).-

04, 09, 2008 (12:17:41): 

Starting inUnit resolution phase


04, 09, 2008 (12:17:41): 

Finished inUnit resolution phase


04, 09, 2008 (12:17:41): 
 Finished loading C:\Documents and Settings\rosskw1\My Documents\SVN-Google\IO_Project\IO_Project_rpy\IO.sbs on Wednesday, April 09, 2008 (12:17:41).-

04, 09, 2008 (12:17:41): Opening rpy file Time.sbs
04, 09, 2008 (12:17:41): 
 Started loading Time.sbs on Wednesday, April 09, 2008 (12:17:41).-

04, 09, 2008 (12:17:41): 
 Finished loading Time.sbs on Wednesday, April 09, 2008 (12:17:41).-

04, 09, 2008 (12:17:41): Opening rpy file C:\Documents and Settings\rosskw1\My Documents\SVN-Google\IO_Project\IO_Project_rpy\Time.sbs
04, 09, 2008 (12:17:41): 
 Started loading C:\Documents and Settings\rosskw1\My Documents\SVN-Google\IO_Project\IO_Project_rpy\Time.sbs on Wednesday, April 09, 2008 (12:17:41).-

04, 09, 2008 (12:17:41): 

Starting inUnit resolution phase


04, 09, 2008 (12:17:41): 

Finished inUnit resolution phase


04, 09, 2008 (12:17:41): 
 Finished loading C:\Documents and Settings\rosskw1\My Documents\SVN-Google\IO_Project\IO_Project_rpy\Time.sbs on Wednesday, April 09, 2008 (12:17:41).-

04, 09, 2008 (12:17:41): Opening rpy file Control.sbs
04, 09, 2008 (12:17:41): 
 Started loading Control.sbs on Wednesday, April 09, 2008 (12:17:41).-

04, 09, 2008 (12:17:41): 
 Finished loading Control.sbs on Wednesday, April 09, 2008 (12:17:41).-

04, 09, 2008 (12:17:41): Opening rpy file C:\Documents and Settings\rosskw1\My Documents\SVN-Google\IO_Project\IO_Project_rpy\Control.sbs
04, 09, 2008 (12:17:41): 
 Started loading C:\Documents and Settings\rosskw1\My Documents\SVN-Google\IO_Project\IO_Project_rpy\Control.sbs on Wednesday, April 09, 2008 (12:17:41).-

04, 09, 2008 (12:17:41): 

Starting inUnit resolution phase


04, 09, 2008 (12:17:41): 

Finished inUnit resolution phase


04, 09, 2008 (12:17:41): 
 Finished loading C:\Documents and Settings\rosskw1\My Documents\SVN-Google\IO_Project\IO_Project_rpy\Control.sbs on Wednesday, April 09, 2008 (12:17:41).-

04, 09, 2008 (12:17:41): Opening rpy file utils.sbs
04, 09, 2008 (12:17:41): 
 Started loading utils.sbs on Wednesday, April 09, 2008 (12:17:41).-

04, 09, 2008 (12:17:41): 
 Finished loading utils.sbs on Wednesday, April 09, 2008 (12:17:41).-

04, 09, 2008 (12:17:41): Opening rpy file C:\Documents and Settings\rosskw1\My Documents\SVN-Google\IO_Project\IO_Project_rpy\utils.sbs
04, 09, 2008 (12:17:41): 
 Started loading C:\Documents and Settings\rosskw1\My Documents\SVN-Google\IO_Project\IO_Project_rpy\utils.sbs on Wednesday, April 09, 2008 (12:17:41).-

04, 09, 2008 (12:17:41): 

Starting inUnit resolution phase


04, 09, 2008 (12:17:41): 

Finished inUnit resolution phase


04, 09, 2008 (12:17:41): 
 Finished loading C:\Documents and Settings\rosskw1\My Documents\SVN-Google\IO_Project\IO_Project_rpy\utils.sbs on Wednesday, April 09, 2008 (12:17:41).-

04, 09, 2008 (12:17:41): 

Starting inUnit resolution phase


04, 09, 2008 (12:17:41): 

Finished inUnit resolution phase


04, 09, 2008 (12:17:41): 
 Finished loading C:\Documents and Settings\rosskw1\My Documents\SVN-Google\IO_Project\IO_Project_rpy\Framework.sbs on Wednesday, April 09, 2008 (12:17:41).-

04, 09, 2008 (12:17:41): Opening rpy file C:\Documents and Settings\rosskw1\My Documents\SVN-Google\IO_Project\IO_Project_auto_rpy\FrameworkTest.sbs
04, 09, 2008 (12:17:41): 
 Started loading C:\Documents and Settings\rosskw1\My Documents\SVN-Google\IO_Project\IO_Project_auto_rpy\FrameworkTest.sbs on Wednesday, April 09, 2008 (12:17:41).-

04, 09, 2008 (12:17:41): Opening rpy file C:\Documents and Settings\rosskw1\My Documents\SVN-Google\IO_Project\IO_Project_auto_rpy\TestDiagram.omd
04, 09, 2008 (12:17:41): 
 Started loading C:\Documents and Settings\rosskw1\My Documents\SVN-Google\IO_Project\IO_Project_auto_rpy\TestDiagram.omd on Wednesday, April 09, 2008 (12:17:41).-

04, 09, 2008 (12:17:41): 

Starting inUnit resolution phase


04, 09, 2008 (12:17:41): 

Finished inUnit resolution phase


04, 09, 2008 (12:17:41): 
 Finished loading C:\Documents and Settings\rosskw1\My Documents\SVN-Google\IO_Project\IO_Project_auto_rpy\TestDiagram.omd on Wednesday, April 09, 2008 (12:17:41).-

04, 09, 2008 (12:17:41): 

Starting inUnit resolution phase


04, 09, 2008 (12:17:41): 

Finished inUnit resolution phase


04, 09, 2008 (12:17:41): 
 Finished loading C:\Documents and Settings\rosskw1\My Documents\SVN-Google\IO_Project\IO_Project_auto_rpy\FrameworkTest.sbs on Wednesday, April 09, 2008 (12:17:41).-

04, 09, 2008 (12:17:41): Opening rpy file Model1.omd
04, 09, 2008 (12:17:41): 
 Started loading Model1.omd on Wednesday, April 09, 2008 (12:17:41).-

04, 09, 2008 (12:17:41): 
 Finished loading Model1.omd on Wednesday, April 09, 2008 (12:17:41).-

04, 09, 2008 (12:17:41): Opening rpy file C:\Documents and Settings\rosskw1\My Documents\SVN-Google\IO_Project\IO_Project_rpy\Model1.omd
04, 09, 2008 (12:17:41): 
 Started loading C:\Documents and Settings\rosskw1\My Documents\SVN-Google\IO_Project\IO_Project_rpy\Model1.omd on Wednesday, April 09, 2008 (12:17:41).-

04, 09, 2008 (12:17:41): 

Starting inUnit resolution phase


04, 09, 2008 (12:17:41): 

Finished inUnit resolution phase


04, 09, 2008 (12:17:41): 
 Finished loading C:\Documents and Settings\rosskw1\My Documents\SVN-Google\IO_Project\IO_Project_rpy\Model1.omd on Wednesday, April 09, 2008 (12:17:41).-

04, 09, 2008 (12:17:41): Opening rpy file DefaultComponent.cmp
04, 09, 2008 (12:17:41): 
 Started loading DefaultComponent.cmp on Wednesday, April 09, 2008 (12:17:41).-

04, 09, 2008 (12:17:41): 
 Finished loading DefaultComponent.cmp on Wednesday, April 09, 2008 (12:17:41).-

04, 09, 2008 (12:17:41): Opening rpy file C:\Documents and Settings\rosskw1\My Documents\SVN-Google\IO_Project\IO_Project_rpy\DefaultComponent.cmp
04, 09, 2008 (12:17:41): 
 Started loading C:\Documents and Settings\rosskw1\My Documents\SVN-Google\IO_Project\IO_Project_rpy\DefaultComponent.cmp on Wednesday, April 09, 2008 (12:17:41).-

04, 09, 2008 (12:17:41): 

Starting inUnit resolution phase


04, 09, 2008 (12:17:41): 

Finished inUnit resolution phase


04, 09, 2008 (12:17:41): 
 Finished loading C:\Documents and Settings\rosskw1\My Documents\SVN-Google\IO_Project\IO_Project_rpy\DefaultComponent.cmp on Wednesday, April 09, 2008 (12:17:41).-

04, 09, 2008 (12:17:41): 

Starting inUnit resolution phase


04, 09, 2008 (12:17:41): 

Finished inUnit resolution phase


04, 09, 2008 (12:17:41): 

Starting inUnit resolution phase


04, 09, 2008 (12:17:41): 

Finished inUnit resolution phase


04, 09, 2008 (12:17:41): 

Starting inUnit resolution phase


04, 09, 2008 (12:17:41): 

Finished inUnit resolution phase


04, 09, 2008 (12:17:41): 
 Finished loading C:\Documents and Settings\rosskw1\My Documents\SVN-Google\IO_Project\IO_Project.rpy on Wednesday, April 09, 2008 (12:17:41).-

04, 09, 2008 (12:17:41): Opening rpy file C:\Documents and Settings\rosskw1\My Documents\SVN-Google\IO_Project\DefaultComponent\DefaultConfig\DefaultConfig.cg_info
04, 09, 2008 (12:17:41): 
 Started loading C:\Documents and Settings\rosskw1\My Documents\SVN-Google\IO_Project\DefaultComponent\DefaultConfig\DefaultConfig.cg_info on Wednesday, April 09, 2008 (12:17:41).-

04, 09, 2008 (12:17:41): 
 Finished loading C:\Documents and Settings\rosskw1\My Documents\SVN-Google\IO_Project\DefaultComponent\DefaultConfig\DefaultConfig.cg_info on Wednesday, April 09, 2008 (12:17:41).-

04, 09, 2008 (12:17:41): Starting checks of EventsBaseID conflicts
04, 09, 2008 (12:17:41): Finished checks of EventsBaseID conflicts
04, 09, 2008 (12:17:41): End Log
