03, 25, 2008 (08:03:49): File C:\Documents and Settings\rosskw1\My Documents\SVN-Google\HLA_IO\IO_Project\IO_Project.rpw 
 Error (line 33) - Missing start attribute token (-)


03, 25, 2008 (08:03:49): File C:\Documents and Settings\rosskw1\My Documents\SVN-Google\HLA_IO\IO_Project\IO_Project.rpw 
 Error (line 33) -  Aborting object


03, 25, 2008 (08:03:49): File C:\Documents and Settings\rosskw1\My Documents\SVN-Google\HLA_IO\IO_Project\IO_Project.rpw 
 Error (line 34) - Found unexpected or superfluous Attribute %s. 


03, 25, 2008 (08:03:49): File C:\Documents and Settings\rosskw1\My Documents\SVN-Google\HLA_IO\IO_Project\IO_Project.rpw 
 Error (line 35) - Found unexpected or superfluous Attribute %s. 


03, 25, 2008 (08:03:49): File C:\Documents and Settings\rosskw1\My Documents\SVN-Google\HLA_IO\IO_Project\IO_Project.rpw 
 Error (line 36) - Found unexpected or superfluous attribute value. 


03, 25, 2008 (08:03:49): File C:\Documents and Settings\rosskw1\My Documents\SVN-Google\HLA_IO\IO_Project\IO_Project.rpw 
 Error (line 38) - Found unexpected or superfluous Attribute %s. 


03, 25, 2008 (08:03:49): File C:\Documents and Settings\rosskw1\My Documents\SVN-Google\HLA_IO\IO_Project\IO_Project.rpw 
 Error (line 39) - Found unexpected or superfluous Attribute %s. 


03, 25, 2008 (08:03:49): File C:\Documents and Settings\rosskw1\My Documents\SVN-Google\HLA_IO\IO_Project\IO_Project.rpw 
 Error (line 41) - Found unexpected or superfluous Attribute %s. 


03, 25, 2008 (08:03:49): File C:\Documents and Settings\rosskw1\My Documents\SVN-Google\HLA_IO\IO_Project\IO_Project.rpw 
 Error (line 42) - Found unexpected or superfluous Attribute %s. 


03, 25, 2008 (08:03:49): File C:\Documents and Settings\rosskw1\My Documents\SVN-Google\HLA_IO\IO_Project\IO_Project.rpw 
 Error (line 45) - Found unexpected or superfluous Attribute %s. 


03, 25, 2008 (08:03:49): File C:\Documents and Settings\rosskw1\My Documents\SVN-Google\HLA_IO\IO_Project\IO_Project.rpw 
 Error (line 47) - Found unexpected or superfluous object. 


03, 25, 2008 (08:03:49): File C:\Documents and Settings\rosskw1\My Documents\SVN-Google\HLA_IO\IO_Project\IO_Project.rpw 
 Error (line 74) - Found unexpected or superfluous object. 


03, 25, 2008 (08:03:49): File C:\Documents and Settings\rosskw1\My Documents\SVN-Google\HLA_IO\IO_Project\IO_Project.rpw 
 Error (line 101) - Found unexpected or superfluous object. 


03, 25, 2008 (08:03:49): File C:\Documents and Settings\rosskw1\My Documents\SVN-Google\HLA_IO\IO_Project\IO_Project.rpw 
 Error (line 129) - Found unexpected or superfluous Attribute %s. 


03, 25, 2008 (08:03:49): File C:\Documents and Settings\rosskw1\My Documents\SVN-Google\HLA_IO\IO_Project\IO_Project.rpw 
 Error (line 130) - Found unexpected or superfluous Attribute %s. 


03, 25, 2008 (08:03:49): File C:\Documents and Settings\rosskw1\My Documents\SVN-Google\HLA_IO\IO_Project\IO_Project.rpw 
 Error (line 135) - Attempt to read a token past end of file


03, 25, 2008 (08:03:49): File C:\Documents and Settings\rosskw1\My Documents\SVN-Google\HLA_IO\IO_Project\IO_Project.rpw 
 Error (line 135) - Attempt to read a token past end of file


03, 25, 2008 (08:03:49): File C:\Documents and Settings\rosskw1\My Documents\SVN-Google\HLA_IO\IO_Project\IO_Project.rpw 
 Error (line 135) - Attempt to read a token past end of file


03, 25, 2008 (08:03:49): File C:\Documents and Settings\rosskw1\My Documents\SVN-Google\HLA_IO\IO_Project\IO_Project.rpw 
 Error (line 135) - Attempt to read a token past end of file


03, 25, 2008 (08:03:49): File C:\Documents and Settings\rosskw1\My Documents\SVN-Google\HLA_IO\IO_Project\IO_Project.rpw 
 Error (line 135) - Attempt to read a token past end of file


03, 25, 2008 (08:03:49): File C:\Documents and Settings\rosskw1\My Documents\SVN-Google\HLA_IO\IO_Project\IO_Project.rpw 
 Error (line 135) - Attempt to read a token past end of file


03, 25, 2008 (08:03:49): File C:\Documents and Settings\rosskw1\My Documents\SVN-Google\HLA_IO\IO_Project\IO_Project.rpw 
 Error (line 135) - Attempt to read a token past end of file


03, 25, 2008 (08:03:49): File C:\Documents and Settings\rosskw1\My Documents\SVN-Google\HLA_IO\IO_Project\IO_Project.rpw 
 Error (line 135) - Attempt to read a token past end of file


03, 25, 2008 (08:03:49): File C:\Documents and Settings\rosskw1\My Documents\SVN-Google\HLA_IO\IO_Project\IO_Project.rpw 
 Error (line 135) - Attempt to read a token past end of file


03, 25, 2008 (08:03:49): File C:\Documents and Settings\rosskw1\My Documents\SVN-Google\HLA_IO\IO_Project\IO_Project.rpw 
 Error (line 135) - Attempt to read a token past end of file


03, 25, 2008 (08:03:49): File C:\Documents and Settings\rosskw1\My Documents\SVN-Google\HLA_IO\IO_Project\IO_Project.rpw 
 Error (line 135) - Attempt to read a token past end of file


03, 25, 2008 (08:03:49): File C:\Documents and Settings\rosskw1\My Documents\SVN-Google\HLA_IO\IO_Project\IO_Project.rpw 
 Error (line 135) - Attempt to read a token past end of file


03, 25, 2008 (08:03:49): File C:\Documents and Settings\rosskw1\My Documents\SVN-Google\HLA_IO\IO_Project\IO_Project.rpw 
 Error (line 135) - Attempt to read a token past end of file


03, 25, 2008 (08:03:49): File C:\Documents and Settings\rosskw1\My Documents\SVN-Google\HLA_IO\IO_Project\IO_Project.rpw 
 Error (line 135) - Attempt to read a token past end of file


03, 25, 2008 (08:03:49): File C:\Documents and Settings\rosskw1\My Documents\SVN-Google\HLA_IO\IO_Project\IO_Project.rpw 
 Error (line 135) - Attempt to read a token past end of file


03, 25, 2008 (08:03:49): File C:\Documents and Settings\rosskw1\My Documents\SVN-Google\HLA_IO\IO_Project\IO_Project.rpw 
 Error (line 135) - Unrecognized error when loading object of type size


03, 25, 2008 (08:03:49): File C:\Documents and Settings\rosskw1\My Documents\SVN-Google\HLA_IO\IO_Project\IO_Project.rpw 
 Error (line 135) - Attempt to read a token past end of file


03, 25, 2008 (08:03:49): File C:\Documents and Settings\rosskw1\My Documents\SVN-Google\HLA_IO\IO_Project\IO_Project.rpw 
 Error (line 135) - Error reading 0th object in container. Skipping to next object


03, 25, 2008 (08:03:49): File C:\Documents and Settings\rosskw1\My Documents\SVN-Google\HLA_IO\IO_Project\IO_Project.rpw 
 Error (line 135) - Attempt to read a token past end of file


03, 25, 2008 (08:03:49): File C:\Documents and Settings\rosskw1\My Documents\SVN-Google\HLA_IO\IO_Project\IO_Project.rpw 
 Error (line 135) - Attempt to read a token past end of file


03, 25, 2008 (08:03:49): File C:\Documents and Settings\rosskw1\My Documents\SVN-Google\HLA_IO\IO_Project\IO_Project.rpw 
 Error (line 135) - Missing start object token ({)


03, 25, 2008 (08:03:49): File C:\Documents and Settings\rosskw1\My Documents\SVN-Google\HLA_IO\IO_Project\IO_Project.rpw 
 Error (line 135) - Error reading 1th object in container. Skipping to next object


03, 25, 2008 (08:03:49): File C:\Documents and Settings\rosskw1\My Documents\SVN-Google\HLA_IO\IO_Project\IO_Project.rpw 
 Error (line 135) - Attempt to read a token past end of file


03, 25, 2008 (08:03:49): File C:\Documents and Settings\rosskw1\My Documents\SVN-Google\HLA_IO\IO_Project\IO_Project.rpw 
 Error (line 135) - Attempt to read a token past end of file


03, 25, 2008 (08:03:49): File C:\Documents and Settings\rosskw1\My Documents\SVN-Google\HLA_IO\IO_Project\IO_Project.rpw 
 Error (line 135) - Missing start object token ({)


03, 25, 2008 (08:03:49): File C:\Documents and Settings\rosskw1\My Documents\SVN-Google\HLA_IO\IO_Project\IO_Project.rpw 
 Error (line 135) - Error reading 2th object in container. Skipping to next object


03, 25, 2008 (08:03:49): File C:\Documents and Settings\rosskw1\My Documents\SVN-Google\HLA_IO\IO_Project\IO_Project.rpw 
 Error (line 135) - Attempt to read a token past end of file


03, 25, 2008 (08:03:49): File C:\Documents and Settings\rosskw1\My Documents\SVN-Google\HLA_IO\IO_Project\IO_Project.rpw 
 Error (line 135) - Attempt to read a token past end of file


03, 25, 2008 (08:03:49): File C:\Documents and Settings\rosskw1\My Documents\SVN-Google\HLA_IO\IO_Project\IO_Project.rpw 
 Error (line 135) - Missing start object token ({)


03, 25, 2008 (08:03:49): File C:\Documents and Settings\rosskw1\My Documents\SVN-Google\HLA_IO\IO_Project\IO_Project.rpw 
 Error (line 135) - Error reading 3th object in container. Skipping to next object


03, 25, 2008 (08:03:49): File C:\Documents and Settings\rosskw1\My Documents\SVN-Google\HLA_IO\IO_Project\IO_Project.rpw 
 Error (line 135) - Attempt to read a token past end of file


03, 25, 2008 (08:03:49): File C:\Documents and Settings\rosskw1\My Documents\SVN-Google\HLA_IO\IO_Project\IO_Project.rpw 
 Error (line 135) - Failed to find end object ( } )


03, 25, 2008 (08:03:49): File C:\Documents and Settings\rosskw1\My Documents\SVN-Google\HLA_IO\IO_Project\IO_Project.rpw 
 Error (line 135) - Attempt to read a token past end of file


03, 25, 2008 (08:03:49): File C:\Documents and Settings\rosskw1\My Documents\SVN-Google\HLA_IO\IO_Project\IO_Project.rpw 
 Error (line 135) - Attempt to read a token past end of file


03, 25, 2008 (08:03:49): File C:\Documents and Settings\rosskw1\My Documents\SVN-Google\HLA_IO\IO_Project\IO_Project.rpw 
 Error (line 135) - Attempt to read a token past end of file


03, 25, 2008 (08:03:49): File C:\Documents and Settings\rosskw1\My Documents\SVN-Google\HLA_IO\IO_Project\IO_Project.rpw 
 Error (line 135) - Attempt to read a token past end of file


03, 25, 2008 (08:03:49): File C:\Documents and Settings\rosskw1\My Documents\SVN-Google\HLA_IO\IO_Project\IO_Project.rpw 
 Error (line 135) - Failed to find end object ( } )


03, 25, 2008 (08:03:49): File C:\Documents and Settings\rosskw1\My Documents\SVN-Google\HLA_IO\IO_Project\IO_Project.rpw 
 Error (line 135) - Attempt to read a token past end of file


03, 25, 2008 (08:03:50): File C:\Documents and Settings\rosskw1\My Documents\SVN-Google\HLA_IO\IO_Project\IO_Project.rpw 
 Error (line 33) - Missing start attribute token (-)


03, 25, 2008 (08:03:50): File C:\Documents and Settings\rosskw1\My Documents\SVN-Google\HLA_IO\IO_Project\IO_Project.rpw 
 Error (line 33) -  Aborting object


03, 25, 2008 (08:03:50): File C:\Documents and Settings\rosskw1\My Documents\SVN-Google\HLA_IO\IO_Project\IO_Project.rpw 
 Error (line 34) - Found unexpected or superfluous Attribute %s. 


03, 25, 2008 (08:03:50): File C:\Documents and Settings\rosskw1\My Documents\SVN-Google\HLA_IO\IO_Project\IO_Project.rpw 
 Error (line 35) - Found unexpected or superfluous Attribute %s. 


03, 25, 2008 (08:03:50): File C:\Documents and Settings\rosskw1\My Documents\SVN-Google\HLA_IO\IO_Project\IO_Project.rpw 
 Error (line 36) - Found unexpected or superfluous attribute value. 


03, 25, 2008 (08:03:50): File C:\Documents and Settings\rosskw1\My Documents\SVN-Google\HLA_IO\IO_Project\IO_Project.rpw 
 Error (line 38) - Found unexpected or superfluous Attribute %s. 


03, 25, 2008 (08:03:50): File C:\Documents and Settings\rosskw1\My Documents\SVN-Google\HLA_IO\IO_Project\IO_Project.rpw 
 Error (line 39) - Found unexpected or superfluous Attribute %s. 


03, 25, 2008 (08:03:50): File C:\Documents and Settings\rosskw1\My Documents\SVN-Google\HLA_IO\IO_Project\IO_Project.rpw 
 Error (line 41) - Found unexpected or superfluous Attribute %s. 


03, 25, 2008 (08:03:50): File C:\Documents and Settings\rosskw1\My Documents\SVN-Google\HLA_IO\IO_Project\IO_Project.rpw 
 Error (line 42) - Found unexpected or superfluous Attribute %s. 


03, 25, 2008 (08:03:50): File C:\Documents and Settings\rosskw1\My Documents\SVN-Google\HLA_IO\IO_Project\IO_Project.rpw 
 Error (line 45) - Found unexpected or superfluous Attribute %s. 


03, 25, 2008 (08:03:50): File C:\Documents and Settings\rosskw1\My Documents\SVN-Google\HLA_IO\IO_Project\IO_Project.rpw 
 Error (line 47) - Found unexpected or superfluous object. 


03, 25, 2008 (08:03:50): File C:\Documents and Settings\rosskw1\My Documents\SVN-Google\HLA_IO\IO_Project\IO_Project.rpw 
 Error (line 74) - Found unexpected or superfluous object. 


03, 25, 2008 (08:03:50): File C:\Documents and Settings\rosskw1\My Documents\SVN-Google\HLA_IO\IO_Project\IO_Project.rpw 
 Error (line 101) - Found unexpected or superfluous object. 


03, 25, 2008 (08:03:50): File C:\Documents and Settings\rosskw1\My Documents\SVN-Google\HLA_IO\IO_Project\IO_Project.rpw 
 Error (line 129) - Found unexpected or superfluous Attribute %s. 


03, 25, 2008 (08:03:50): File C:\Documents and Settings\rosskw1\My Documents\SVN-Google\HLA_IO\IO_Project\IO_Project.rpw 
 Error (line 130) - Found unexpected or superfluous Attribute %s. 


03, 25, 2008 (08:03:50): File C:\Documents and Settings\rosskw1\My Documents\SVN-Google\HLA_IO\IO_Project\IO_Project.rpw 
 Error (line 135) - Attempt to read a token past end of file


03, 25, 2008 (08:03:50): File C:\Documents and Settings\rosskw1\My Documents\SVN-Google\HLA_IO\IO_Project\IO_Project.rpw 
 Error (line 135) - Attempt to read a token past end of file


03, 25, 2008 (08:03:50): File C:\Documents and Settings\rosskw1\My Documents\SVN-Google\HLA_IO\IO_Project\IO_Project.rpw 
 Error (line 135) - Attempt to read a token past end of file


03, 25, 2008 (08:03:50): File C:\Documents and Settings\rosskw1\My Documents\SVN-Google\HLA_IO\IO_Project\IO_Project.rpw 
 Error (line 135) - Attempt to read a token past end of file


03, 25, 2008 (08:03:50): File C:\Documents and Settings\rosskw1\My Documents\SVN-Google\HLA_IO\IO_Project\IO_Project.rpw 
 Error (line 135) - Attempt to read a token past end of file


03, 25, 2008 (08:03:50): File C:\Documents and Settings\rosskw1\My Documents\SVN-Google\HLA_IO\IO_Project\IO_Project.rpw 
 Error (line 135) - Attempt to read a token past end of file


03, 25, 2008 (08:03:50): File C:\Documents and Settings\rosskw1\My Documents\SVN-Google\HLA_IO\IO_Project\IO_Project.rpw 
 Error (line 135) - Attempt to read a token past end of file


03, 25, 2008 (08:03:50): File C:\Documents and Settings\rosskw1\My Documents\SVN-Google\HLA_IO\IO_Project\IO_Project.rpw 
 Error (line 135) - Attempt to read a token past end of file


03, 25, 2008 (08:03:50): File C:\Documents and Settings\rosskw1\My Documents\SVN-Google\HLA_IO\IO_Project\IO_Project.rpw 
 Error (line 135) - Attempt to read a token past end of file


03, 25, 2008 (08:03:50): File C:\Documents and Settings\rosskw1\My Documents\SVN-Google\HLA_IO\IO_Project\IO_Project.rpw 
 Error (line 135) - Attempt to read a token past end of file


03, 25, 2008 (08:03:50): File C:\Documents and Settings\rosskw1\My Documents\SVN-Google\HLA_IO\IO_Project\IO_Project.rpw 
 Error (line 135) - Attempt to read a token past end of file


03, 25, 2008 (08:03:50): File C:\Documents and Settings\rosskw1\My Documents\SVN-Google\HLA_IO\IO_Project\IO_Project.rpw 
 Error (line 135) - Attempt to read a token past end of file


03, 25, 2008 (08:03:50): File C:\Documents and Settings\rosskw1\My Documents\SVN-Google\HLA_IO\IO_Project\IO_Project.rpw 
 Error (line 135) - Attempt to read a token past end of file


03, 25, 2008 (08:03:50): File C:\Documents and Settings\rosskw1\My Documents\SVN-Google\HLA_IO\IO_Project\IO_Project.rpw 
 Error (line 135) - Attempt to read a token past end of file


03, 25, 2008 (08:03:50): File C:\Documents and Settings\rosskw1\My Documents\SVN-Google\HLA_IO\IO_Project\IO_Project.rpw 
 Error (line 135) - Attempt to read a token past end of file


03, 25, 2008 (08:03:50): File C:\Documents and Settings\rosskw1\My Documents\SVN-Google\HLA_IO\IO_Project\IO_Project.rpw 
 Error (line 135) - Unrecognized error when loading object of type size


03, 25, 2008 (08:03:50): File C:\Documents and Settings\rosskw1\My Documents\SVN-Google\HLA_IO\IO_Project\IO_Project.rpw 
 Error (line 135) - Attempt to read a token past end of file


03, 25, 2008 (08:03:50): File C:\Documents and Settings\rosskw1\My Documents\SVN-Google\HLA_IO\IO_Project\IO_Project.rpw 
 Error (line 135) - Error reading 0th object in container. Skipping to next object


03, 25, 2008 (08:03:50): File C:\Documents and Settings\rosskw1\My Documents\SVN-Google\HLA_IO\IO_Project\IO_Project.rpw 
 Error (line 135) - Attempt to read a token past end of file


03, 25, 2008 (08:03:50): File C:\Documents and Settings\rosskw1\My Documents\SVN-Google\HLA_IO\IO_Project\IO_Project.rpw 
 Error (line 135) - Attempt to read a token past end of file


03, 25, 2008 (08:03:50): File C:\Documents and Settings\rosskw1\My Documents\SVN-Google\HLA_IO\IO_Project\IO_Project.rpw 
 Error (line 135) - Missing start object token ({)


03, 25, 2008 (08:03:50): File C:\Documents and Settings\rosskw1\My Documents\SVN-Google\HLA_IO\IO_Project\IO_Project.rpw 
 Error (line 135) - Error reading 1th object in container. Skipping to next object


03, 25, 2008 (08:03:50): File C:\Documents and Settings\rosskw1\My Documents\SVN-Google\HLA_IO\IO_Project\IO_Project.rpw 
 Error (line 135) - Attempt to read a token past end of file


03, 25, 2008 (08:03:50): File C:\Documents and Settings\rosskw1\My Documents\SVN-Google\HLA_IO\IO_Project\IO_Project.rpw 
 Error (line 135) - Attempt to read a token past end of file


03, 25, 2008 (08:03:50): File C:\Documents and Settings\rosskw1\My Documents\SVN-Google\HLA_IO\IO_Project\IO_Project.rpw 
 Error (line 135) - Missing start object token ({)


03, 25, 2008 (08:03:50): File C:\Documents and Settings\rosskw1\My Documents\SVN-Google\HLA_IO\IO_Project\IO_Project.rpw 
 Error (line 135) - Error reading 2th object in container. Skipping to next object


03, 25, 2008 (08:03:50): File C:\Documents and Settings\rosskw1\My Documents\SVN-Google\HLA_IO\IO_Project\IO_Project.rpw 
 Error (line 135) - Attempt to read a token past end of file


03, 25, 2008 (08:03:50): File C:\Documents and Settings\rosskw1\My Documents\SVN-Google\HLA_IO\IO_Project\IO_Project.rpw 
 Error (line 135) - Attempt to read a token past end of file


03, 25, 2008 (08:03:50): File C:\Documents and Settings\rosskw1\My Documents\SVN-Google\HLA_IO\IO_Project\IO_Project.rpw 
 Error (line 135) - Missing start object token ({)


03, 25, 2008 (08:03:50): File C:\Documents and Settings\rosskw1\My Documents\SVN-Google\HLA_IO\IO_Project\IO_Project.rpw 
 Error (line 135) - Error reading 3th object in container. Skipping to next object


03, 25, 2008 (08:03:50): File C:\Documents and Settings\rosskw1\My Documents\SVN-Google\HLA_IO\IO_Project\IO_Project.rpw 
 Error (line 135) - Attempt to read a token past end of file


03, 25, 2008 (08:03:50): File C:\Documents and Settings\rosskw1\My Documents\SVN-Google\HLA_IO\IO_Project\IO_Project.rpw 
 Error (line 135) - Failed to find end object ( } )


03, 25, 2008 (08:03:50): File C:\Documents and Settings\rosskw1\My Documents\SVN-Google\HLA_IO\IO_Project\IO_Project.rpw 
 Error (line 135) - Attempt to read a token past end of file


03, 25, 2008 (08:03:50): File C:\Documents and Settings\rosskw1\My Documents\SVN-Google\HLA_IO\IO_Project\IO_Project.rpw 
 Error (line 135) - Attempt to read a token past end of file


03, 25, 2008 (08:03:50): File C:\Documents and Settings\rosskw1\My Documents\SVN-Google\HLA_IO\IO_Project\IO_Project.rpw 
 Error (line 135) - Attempt to read a token past end of file


03, 25, 2008 (08:03:50): File C:\Documents and Settings\rosskw1\My Documents\SVN-Google\HLA_IO\IO_Project\IO_Project.rpw 
 Error (line 135) - Attempt to read a token past end of file


03, 25, 2008 (08:03:50): File C:\Documents and Settings\rosskw1\My Documents\SVN-Google\HLA_IO\IO_Project\IO_Project.rpw 
 Error (line 135) - Failed to find end object ( } )


03, 25, 2008 (08:03:50): File C:\Documents and Settings\rosskw1\My Documents\SVN-Google\HLA_IO\IO_Project\IO_Project.rpw 
 Error (line 135) - Attempt to read a token past end of file


